<?xml version="1.0" encoding="UTF-8"?>
<!-- Generated by org.testng.reporters.JUnitReportReporter -->
<testsuite hostname="LAPTOP-3EPM1QRA" failures="0" tests="1" name="Automation.TVAutomationTests.MovieDetailsValidationTest" time="21.101" errors="0" timestamp="2022-10-22T14:40:54 IST" skipped="0">
  <testcase classname="Automation.TVAutomationTests.MovieDetailsValidationTest" name="testMovieDetailsValidation" time="21.101"/>
  <system-out/>
</testsuite> <!-- Automation.TVAutomationTests.MovieDetailsValidationTest -->
